Running Gradle task 'bundleRelease'...                          
e: file:///C:/Users/genti/Progetti/fitgenius/android/app/build.gradle.kts:36:43: Unresolved reference: util
e: file:///C:/Users/genti/Progetti/fitgenius/android/app/build.gradle.kts:43:69: Unresolved reference: it

FAILURE: Build failed with an exception.

* Where:
Build file 'C:\Users\genti\Progetti\fitgenius\android\app\build.gradle.kts' line: 19

* What went wrong:
Script compilation errors:

  Line 19:         jvmTarget = JavaVersion.VERSION_17.toString()
                   ^ 'jvmTarget: String' is deprecated. Please migrate to the compilerOptions DSL. More details are here: https://kotl.in/u1r8ln

  Line 36:             val keystoreProperties = java.util.Properties()
                                                     ^ Unresolved reference: util

  Line 41:             keyAlias = keystoreProperties["keyAlias"] as String?
                                                                 ^ No cast needed

  Line 42:             keyPassword = keystoreProperties["keyPassword"] as String?
                                                                       ^ No cast needed

  Line 43:             storeFile = keystoreProperties["storeFile"]?.let { file(it) }
                                                                               ^ Unresolved reference: it

  Line 44:             storePassword = keystoreProperties["storePassword"] as String?
                                                                           ^ No cast needed

6 errors

* Try:
> Run with --stacktrace option to get the stack trace.
> Run with --info or --debug option to get more log output.
> Run with --scan to get full insights.
> Get more help at https://help.gradle.org.

BUILD FAILED in 4s
Running Gradle task 'bundleRelease'...                              5,2s
Gradle task bundleRelease failed with exit code 1
